c:\chang_yeol\project\concave\concave\debug\vc142.pdb
c:\chang_yeol\project\concave\concave\debug\vc142.idb
c:\chang_yeol\project\concave\concave\debug\windowset.obj
c:\chang_yeol\project\concave\concave\debug\endgame.obj
c:\chang_yeol\project\concave\concave\debug\concave.obj
c:\chang_yeol\project\concave\concave\debug\background.obj
c:\chang_yeol\project\concave\concave\debug\ai.obj
c:\chang_yeol\project\concave\debug\concave.ilk
c:\chang_yeol\project\concave\debug\concave.exe
c:\chang_yeol\project\concave\debug\concave.pdb
c:\chang_yeol\project\concave\concave\debug\concave.res
c:\chang_yeol\project\concave\concave\debug\concave.tlog\cl.command.1.tlog
c:\chang_yeol\project\concave\concave\debug\concave.tlog\cl.read.1.tlog
c:\chang_yeol\project\concave\concave\debug\concave.tlog\cl.write.1.tlog
c:\chang_yeol\project\concave\concave\debug\concave.tlog\link.command.1.tlog
c:\chang_yeol\project\concave\concave\debug\concave.tlog\link.read.1.tlog
c:\chang_yeol\project\concave\concave\debug\concave.tlog\link.write.1.tlog
c:\chang_yeol\project\concave\concave\debug\concave.tlog\rc.command.1.tlog
c:\chang_yeol\project\concave\concave\debug\concave.tlog\rc.read.1.tlog
c:\chang_yeol\project\concave\concave\debug\concave.tlog\rc.write.1.tlog
